
> dev
> vite

Port 5173 is in use, trying another one...

  VITE v5.4.19  ready in 281 ms

  ➜  Local:   http://localhost:5174/
  ➜  Network: use --host to expose

  LARAVEL v10.48.29  plugin v1.2.0

  ➜  APP_URL: http://localhost
12:01:29 AM [vite] page reload .sl/wlock.data
12:01:29 AM [vite] page reload .sl/treestate/bb33ffdd-2c5a-417c-9cac-bb3c4499f59f
12:01:29 AM [vite] page reload .sl/blackbox/v1/0/log
12:01:29 AM [vite] page reload .sl/blackbox/v1/rlock
12:01:29 AM [vite] page reload .sl/blackbox/v1/0/rlock
12:01:29 AM [vite] page reload .sl/blackbox/v1/0/index2-event
12:01:29 AM [vite] page reload .sl/blackbox/v1/0/index2-session_id
12:01:29 AM [vite] page reload .sl/store/allheads/rlock
12:01:29 AM [vite] page reload .sl/store/segments/v1/iddag/rlock
12:01:29 AM [vite] page reload .sl/store/segments/v1/idmap2/rlock
12:01:29 AM [vite] page reload .sl/store/segments/v1/multimetalog/rlock
12:01:29 AM [vite] page reload .sl/store/metalog/roots/rlock
12:01:29 AM [vite] page reload .sl/store/metalog/blobs/index2-id
12:01:29 AM [vite] page reload .sl/store/metalog/blobs/rlock
12:01:29 AM [vite] page reload .sl/store/mutation/rlock
12:01:29 AM [vite] page reload .sl/.dir_lock
12:01:29 AM [vite] page reload .sl/dirstate
12:01:29 AM [vite] page reload .sl/blackbox/v1/0/meta
12:01:29 AM [vite] page reload .sl/store/metalog/roots/index2-reverse
12:01:29 AM [vite] page reload .sl/store/segments/v1/multimetalog/index2-reverse
12:01:29 AM [vite] page reload .sl/store/segments/v1/idmap2/index2-id
12:01:29 AM [vite] page reload .sl/store/segments/v1/idmap2/index2-group-name
12:01:29 AM [vite] page reload .sl/store/segments/v1/iddag/index2-level-head
12:01:29 AM [vite] page reload .sl/store/segments/v1/iddag/index2-group-parent-child
12:01:29 AM [vite] page reload .sl/store/allheads/index2-node
12:01:29 AM [vite] page reload .sl/store/mutation/index2-pred
12:01:29 AM [vite] page reload .sl/store/mutation/index2-split
12:01:29 AM [vite] page reload .sl/store/mutation/index2-succ
12:01:29 AM [vite] page reload .sl/store/metalog/roots/index2-reverse
12:01:29 AM [vite] page reload .sl/store/segments/v1/iddag/index2-level-head
12:01:29 AM [vite] page reload .sl/store/segments/v1/iddag/index2-group-parent-child
12:01:29 AM [vite] page reload .sl/store/segments/v1/multimetalog/index2-reverse
12:01:29 AM [vite] page reload .sl/store/segments/v1/idmap2/index2-id
12:01:29 AM [vite] page reload .sl/store/segments/v1/idmap2/index2-group-name
12:01:29 AM [vite] page reload .sl/blackbox.log
12:01:29 AM [vite] page reload .sl/store/segments/v1/iddag/rlock
12:01:29 AM [vite] page reload .sl/store/segments/v1/idmap2/rlock
12:01:29 AM [vite] page reload .sl/store/segments/v1/multimetalog/rlock
12:01:29 AM [vite] page reload .sl/store/metalog/roots/rlock
12:01:29 AM [vite] page reload .sl/store/metalog/blobs/index2-id
12:01:29 AM [vite] page reload .sl/store/metalog/blobs/rlock
12:01:29 AM [vite] page reload .sl/blackbox/v1/0/log
12:01:29 AM [vite] page reload .sl/blackbox/v1/rlock
12:01:29 AM [vite] page reload .sl/blackbox/v1/0/rlock
12:01:29 AM [vite] page reload .sl/blackbox/v1/0/index2-session_id
12:01:29 AM [vite] page reload .sl/blackbox/v1/0/index2-event
12:01:29 AM [vite] page reload .sl/store/segments/v1/multimetalog/index2-reverse
12:01:29 AM [vite] page reload .sl/store/segments/v1/idmap2/index2-id
12:01:29 AM [vite] page reload .sl/store/segments/v1/idmap2/index2-group-name
12:01:29 AM [vite] page reload .sl/store/segments/v1/iddag/index2-level-head
12:01:29 AM [vite] page reload .sl/store/segments/v1/iddag/index2-group-parent-child
12:01:29 AM [vite] page reload .sl/blackbox/v1/0/meta
12:01:29 AM [vite] page reload .sl/store/segments/v1/idmap2/index2-id
12:01:29 AM [vite] page reload .sl/store/segments/v1/idmap2/index2-group-name
12:01:29 AM [vite] page reload .sl/store/segments/v1/iddag/index2-level-head
12:01:29 AM [vite] page reload .sl/store/segments/v1/iddag/index2-group-parent-child
12:01:29 AM [vite] page reload .sl/store/metalog/roots/index2-reverse
12:01:29 AM [vite] page reload .sl/store/segments/v1/multimetalog/index2-reverse
12:01:30 AM [vite] page reload .sl/store/allheads/rlock
12:01:30 AM [vite] page reload .sl/store/segments/v1/iddag/rlock
12:01:30 AM [vite] page reload .sl/store/segments/v1/idmap2/rlock
12:01:30 AM [vite] page reload .sl/store/segments/v1/multimetalog/rlock
12:01:30 AM [vite] page reload .sl/store/metalog/roots/rlock
12:01:30 AM [vite] page reload .sl/store/metalog/blobs/index2-id
12:01:30 AM [vite] page reload .sl/store/metalog/blobs/rlock
12:01:30 AM [vite] page reload .sl/store/mutation/rlock
12:01:30 AM [vite] page reload .sl/store/segments/v1/multimetalog/index2-reverse
12:01:30 AM [vite] page reload .sl/store/segments/v1/idmap2/index2-id
12:01:30 AM [vite] page reload .sl/store/segments/v1/idmap2/index2-group-name
12:01:30 AM [vite] page reload .sl/store/segments/v1/iddag/index2-level-head
12:01:30 AM [vite] page reload .sl/store/segments/v1/iddag/index2-group-parent-child
12:01:30 AM [vite] page reload .sl/store/allheads/index2-node
12:01:30 AM [vite] page reload .sl/store/mutation/index2-pred
12:01:30 AM [vite] page reload .sl/store/mutation/index2-succ
12:01:30 AM [vite] page reload .sl/store/mutation/index2-split
12:01:30 AM [vite] page reload .sl/store/segments/v1/iddag/rlock
12:01:30 AM [vite] page reload .sl/store/segments/v1/idmap2/rlock
12:01:30 AM [vite] page reload .sl/store/segments/v1/multimetalog/rlock
12:01:30 AM [vite] page reload .sl/store/metalog/roots/rlock
12:01:30 AM [vite] page reload .sl/store/metalog/blobs/index2-id
12:01:30 AM [vite] page reload .sl/store/metalog/blobs/rlock
12:01:30 AM [vite] page reload .sl/store/metalog/roots/index2-reverse
12:01:30 AM [vite] page reload .sl/store/segments/v1/idmap2/index2-group-name
12:01:30 AM [vite] page reload .sl/store/segments/v1/multimetalog/index2-reverse
12:01:30 AM [vite] page reload .sl/store/segments/v1/iddag/index2-level-head
12:01:30 AM [vite] page reload .sl/store/segments/v1/iddag/index2-group-parent-child
12:01:30 AM [vite] page reload .sl/store/segments/v1/idmap2/index2-id
12:06:29 AM [vite] page reload .sl/store/metalog/roots/rlock
12:06:29 AM [vite] page reload .sl/store/metalog/blobs/index2-id
12:06:29 AM [vite] page reload .sl/store/metalog/blobs/rlock
12:06:29 AM [vite] page reload .sl/store/segments/v1/iddag/rlock
12:06:29 AM [vite] page reload .sl/store/segments/v1/idmap2/rlock
12:06:29 AM [vite] page reload .sl/store/segments/v1/multimetalog/rlock
12:06:29 AM [vite] page reload .sl/blackbox/v1/0/log
12:06:29 AM [vite] page reload .sl/blackbox/v1/rlock
12:06:29 AM [vite] page reload .sl/blackbox/v1/0/rlock
12:06:29 AM [vite] page reload .sl/blackbox/v1/0/index2-event
12:06:29 AM [vite] page reload .sl/blackbox/v1/0/index2-session_id
12:06:29 AM [vite] page reload .sl/blackbox/v1/0/meta
12:06:29 AM [vite] page reload .sl/store/metalog/roots/index2-reverse
12:06:29 AM [vite] page reload .sl/store/segments/v1/multimetalog/index2-reverse
12:06:29 AM [vite] page reload .sl/store/segments/v1/idmap2/index2-id
12:06:29 AM [vite] page reload .sl/store/segments/v1/idmap2/index2-group-name
12:06:29 AM [vite] page reload .sl/store/segments/v1/iddag/index2-level-head
12:06:29 AM [vite] page reload .sl/store/segments/v1/iddag/index2-group-parent-child
12:06:29 AM [vite] page reload .sl/store/allheads/rlock
12:06:29 AM [vite] page reload .sl/store/segments/v1/iddag/rlock
12:06:29 AM [vite] page reload .sl/store/segments/v1/idmap2/rlock
12:06:29 AM [vite] page reload .sl/store/segments/v1/multimetalog/rlock
12:06:29 AM [vite] page reload .sl/store/metalog/roots/rlock
12:06:29 AM [vite] page reload .sl/store/metalog/blobs/index2-id
12:06:29 AM [vite] page reload .sl/store/metalog/blobs/rlock
12:06:29 AM [vite] page reload .sl/store/mutation/rlock
12:06:29 AM [vite] page reload .sl/store/allheads/index2-node
12:06:29 AM [vite] page reload .sl/store/mutation/index2-pred
12:06:29 AM [vite] page reload .sl/store/mutation/index2-succ
12:06:29 AM [vite] page reload .sl/store/mutation/index2-split
12:11:29 AM [vite] page reload .sl/store/metalog/roots/rlock
12:11:29 AM [vite] page reload .sl/store/metalog/blobs/index2-id
12:11:29 AM [vite] page reload .sl/store/metalog/blobs/rlock
12:11:29 AM [vite] page reload .sl/store/segments/v1/iddag/rlock
12:11:29 AM [vite] page reload .sl/store/segments/v1/idmap2/rlock
12:11:29 AM [vite] page reload .sl/store/segments/v1/multimetalog/rlock
12:11:29 AM [vite] page reload .sl/blackbox/v1/0/log
12:11:29 AM [vite] page reload .sl/blackbox/v1/rlock
12:11:29 AM [vite] page reload .sl/blackbox/v1/0/rlock
12:11:29 AM [vite] page reload .sl/blackbox/v1/0/index2-event
12:11:29 AM [vite] page reload .sl/blackbox/v1/0/index2-session_id
12:11:29 AM [vite] page reload .sl/blackbox/v1/0/meta
12:11:29 AM [vite] page reload .sl/store/metalog/roots/index2-reverse
12:11:29 AM [vite] page reload .sl/store/segments/v1/multimetalog/index2-reverse
12:11:29 AM [vite] page reload .sl/store/segments/v1/idmap2/index2-id
12:11:29 AM [vite] page reload .sl/store/segments/v1/idmap2/index2-group-name
12:11:29 AM [vite] page reload .sl/store/segments/v1/iddag/index2-level-head
12:11:29 AM [vite] page reload .sl/store/segments/v1/iddag/index2-group-parent-child
12:11:29 AM [vite] page reload .sl/store/allheads/index2-node
12:11:29 AM [vite] page reload .sl/store/mutation/index2-pred
12:11:29 AM [vite] page reload .sl/store/mutation/index2-succ
12:11:29 AM [vite] page reload .sl/store/mutation/index2-split
12:11:29 AM [vite] page reload .sl/store/allheads/rlock
12:11:29 AM [vite] page reload .sl/store/segments/v1/iddag/rlock
12:11:29 AM [vite] page reload .sl/store/segments/v1/idmap2/rlock
12:11:29 AM [vite] page reload .sl/store/segments/v1/multimetalog/rlock
12:11:29 AM [vite] page reload .sl/store/metalog/roots/rlock
12:11:29 AM [vite] page reload .sl/store/metalog/blobs/index2-id
12:11:29 AM [vite] page reload .sl/store/metalog/blobs/rlock
12:11:29 AM [vite] page reload .sl/store/mutation/rlock
12:16:29 AM [vite] page reload .sl/store/metalog/roots/rlock
12:16:29 AM [vite] page reload .sl/store/metalog/blobs/index2-id
12:16:29 AM [vite] page reload .sl/store/metalog/blobs/rlock
12:16:29 AM [vite] page reload .sl/store/segments/v1/iddag/rlock
12:16:29 AM [vite] page reload .sl/store/segments/v1/idmap2/rlock
12:16:29 AM [vite] page reload .sl/store/segments/v1/multimetalog/rlock
12:16:29 AM [vite] page reload .sl/blackbox/v1/0/log
12:16:29 AM [vite] page reload .sl/blackbox/v1/rlock
12:16:29 AM [vite] page reload .sl/blackbox/v1/0/rlock
12:16:29 AM [vite] page reload .sl/blackbox/v1/0/index2-session_id
12:16:29 AM [vite] page reload .sl/blackbox/v1/0/index2-event
12:16:29 AM [vite] page reload .sl/store/metalog/roots/index2-reverse
12:16:29 AM [vite] page reload .sl/store/segments/v1/multimetalog/index2-reverse
12:16:29 AM [vite] page reload .sl/store/segments/v1/idmap2/index2-id
12:16:29 AM [vite] page reload .sl/store/segments/v1/idmap2/index2-group-name
12:16:29 AM [vite] page reload .sl/store/segments/v1/iddag/index2-level-head
12:16:29 AM [vite] page reload .sl/store/segments/v1/iddag/index2-group-parent-child
12:16:29 AM [vite] page reload .sl/blackbox/v1/0/meta
12:16:29 AM [vite] page reload .sl/store/metalog/roots/index2-reverse
12:16:29 AM [vite] page reload .sl/store/segments/v1/multimetalog/index2-reverse
12:16:29 AM [vite] page reload .sl/store/segments/v1/idmap2/index2-id
12:16:29 AM [vite] page reload .sl/store/segments/v1/idmap2/index2-group-name
12:16:29 AM [vite] page reload .sl/store/segments/v1/iddag/index2-level-head
12:16:29 AM [vite] page reload .sl/store/segments/v1/iddag/index2-group-parent-child
12:16:29 AM [vite] page reload .sl/store/allheads/rlock
12:16:29 AM [vite] page reload .sl/store/segments/v1/iddag/rlock
12:16:29 AM [vite] page reload .sl/store/segments/v1/idmap2/rlock
12:16:29 AM [vite] page reload .sl/store/segments/v1/multimetalog/rlock
12:16:29 AM [vite] page reload .sl/store/metalog/roots/rlock
12:16:29 AM [vite] page reload .sl/store/metalog/blobs/index2-id
12:16:29 AM [vite] page reload .sl/store/metalog/blobs/rlock
12:16:29 AM [vite] page reload .sl/store/mutation/rlock
12:16:29 AM [vite] page reload .sl/store/segments/v1/multimetalog/index2-reverse
12:16:29 AM [vite] page reload .sl/store/segments/v1/idmap2/index2-id
12:16:29 AM [vite] page reload .sl/store/segments/v1/idmap2/index2-group-name
12:16:29 AM [vite] page reload .sl/store/segments/v1/iddag/index2-level-head
12:16:29 AM [vite] page reload .sl/store/segments/v1/iddag/index2-group-parent-child
12:16:29 AM [vite] page reload .sl/store/allheads/index2-node
12:16:29 AM [vite] page reload .sl/store/mutation/index2-pred
12:16:29 AM [vite] page reload .sl/store/mutation/index2-succ
12:16:29 AM [vite] page reload .sl/store/mutation/index2-split
12:17:39 AM [vite] full reload resources/views/components/admin-tab-bar.blade.php
12:17:39 AM [vite] full reload resources/views/components/admin-tab-bar.blade.php
12:17:39 AM [vite] full reload routes/web.php
12:17:39 AM [vite] full reload resources/views/admin/import.blade.php
12:17:39 AM [vite] full reload resources/views/admin/import.blade.php
12:17:39 AM [vite] full reload resources/views/admin/export.blade.php
12:17:39 AM [vite] page reload routes/web.php
12:17:39 AM [vite] page reload resources/views/admin/export.blade.php
12:21:29 AM [vite] page reload .sl/store/metalog/roots/rlock
12:21:29 AM [vite] page reload .sl/store/metalog/blobs/index2-id
12:21:29 AM [vite] page reload .sl/store/metalog/blobs/rlock
12:21:29 AM [vite] page reload .sl/store/segments/v1/iddag/rlock
12:21:29 AM [vite] page reload .sl/store/segments/v1/idmap2/rlock
12:21:29 AM [vite] page reload .sl/store/segments/v1/multimetalog/rlock
12:21:29 AM [vite] page reload .sl/blackbox/v1/0/log
12:21:29 AM [vite] page reload .sl/blackbox/v1/rlock
12:21:29 AM [vite] page reload .sl/blackbox/v1/0/rlock
12:21:29 AM [vite] page reload .sl/blackbox/v1/0/index2-session_id
12:21:29 AM [vite] page reload .sl/blackbox/v1/0/index2-event
12:21:29 AM [vite] page reload .sl/blackbox/v1/0/meta
12:21:29 AM [vite] page reload .sl/store/metalog/roots/index2-reverse
12:21:29 AM [vite] page reload .sl/store/segments/v1/multimetalog/index2-reverse
12:21:29 AM [vite] page reload .sl/store/segments/v1/idmap2/index2-id
12:21:29 AM [vite] page reload .sl/store/segments/v1/idmap2/index2-group-name
12:21:29 AM [vite] page reload .sl/store/segments/v1/iddag/index2-level-head
12:21:29 AM [vite] page reload .sl/store/segments/v1/iddag/index2-group-parent-child
12:21:29 AM [vite] page reload .sl/store/allheads/rlock
12:21:29 AM [vite] page reload .sl/store/segments/v1/iddag/rlock
12:21:29 AM [vite] page reload .sl/store/segments/v1/idmap2/rlock
12:21:29 AM [vite] page reload .sl/store/segments/v1/multimetalog/rlock
12:21:29 AM [vite] page reload .sl/store/metalog/roots/rlock
12:21:29 AM [vite] page reload .sl/store/metalog/blobs/index2-id
12:21:29 AM [vite] page reload .sl/store/metalog/blobs/rlock
12:21:29 AM [vite] page reload .sl/store/mutation/rlock
12:21:29 AM [vite] page reload .sl/store/allheads/index2-node
12:21:29 AM [vite] page reload .sl/store/mutation/index2-pred
12:21:29 AM [vite] page reload .sl/store/mutation/index2-succ
12:21:29 AM [vite] page reload .sl/store/mutation/index2-split
12:22:44 AM [vite] full reload resources/views/admin/export.blade.php
12:22:44 AM [vite] full reload resources/views/admin/import.blade.php
12:22:44 AM [vite] full reload resources/views/admin/import-results.blade.php
12:22:44 AM [vite] full reload resources/views/admin/import-results.blade.php
12:22:44 AM [vite] full reload routes/web.php
12:22:44 AM [vite] page reload resources/views/admin/export.blade.php
12:22:44 AM [vite] page reload resources/views/admin/import.blade.php
12:22:44 AM [vite] page reload app/Http/Controllers/AdminImportController.php
12:22:44 AM [vite] page reload routes/web.php
12:23:20 AM [vite] full reload resources/views/admin/import-results.blade.php
12:23:20 AM [vite] page reload resources/views/admin/import-results.blade.php
12:26:03 AM [vite] full reload resources/views/admin/import.blade.php
12:26:03 AM [vite] page reload resources/views/admin/import.blade.php
12:26:03 AM [vite] page reload app/Http/Controllers/AdminImportController.php
12:26:29 AM [vite] page reload .sl/store/metalog/roots/rlock
12:26:29 AM [vite] page reload .sl/store/metalog/blobs/index2-id
12:26:29 AM [vite] page reload .sl/store/metalog/blobs/rlock
12:26:29 AM [vite] page reload .sl/store/segments/v1/iddag/rlock
12:26:29 AM [vite] page reload .sl/store/segments/v1/idmap2/rlock
12:26:29 AM [vite] page reload .sl/store/segments/v1/multimetalog/rlock
12:26:29 AM [vite] page reload .sl/blackbox/v1/0/log
12:26:29 AM [vite] page reload .sl/blackbox/v1/rlock
12:26:29 AM [vite] page reload .sl/blackbox/v1/0/rlock
12:26:29 AM [vite] page reload .sl/blackbox/v1/0/index2-event
12:26:29 AM [vite] page reload .sl/blackbox/v1/0/index2-session_id
12:26:29 AM [vite] page reload .sl/store/metalog/roots/index2-reverse
12:26:29 AM [vite] page reload .sl/store/segments/v1/multimetalog/index2-reverse
12:26:29 AM [vite] page reload .sl/store/segments/v1/idmap2/index2-id
12:26:29 AM [vite] page reload .sl/store/segments/v1/idmap2/index2-group-name
12:26:29 AM [vite] page reload .sl/store/segments/v1/iddag/index2-level-head
12:26:29 AM [vite] page reload .sl/store/segments/v1/iddag/index2-group-parent-child
12:26:29 AM [vite] page reload .sl/blackbox/v1/0/meta
12:26:29 AM [vite] page reload .sl/store/metalog/roots/index2-reverse
12:26:29 AM [vite] page reload .sl/store/segments/v1/multimetalog/index2-reverse
12:26:29 AM [vite] page reload .sl/store/segments/v1/idmap2/index2-id
12:26:29 AM [vite] page reload .sl/store/segments/v1/idmap2/index2-group-name
12:26:29 AM [vite] page reload .sl/store/segments/v1/iddag/index2-level-head
12:26:29 AM [vite] page reload .sl/store/segments/v1/iddag/index2-group-parent-child
12:26:29 AM [vite] page reload .sl/store/allheads/rlock
12:26:29 AM [vite] page reload .sl/store/segments/v1/iddag/rlock
12:26:29 AM [vite] page reload .sl/store/segments/v1/idmap2/rlock
12:26:29 AM [vite] page reload .sl/store/segments/v1/multimetalog/rlock
12:26:29 AM [vite] page reload .sl/store/metalog/roots/rlock
12:26:29 AM [vite] page reload .sl/store/metalog/blobs/index2-id
12:26:29 AM [vite] page reload .sl/store/metalog/blobs/rlock
12:26:29 AM [vite] page reload .sl/store/mutation/rlock
12:26:29 AM [vite] page reload .sl/store/allheads/index2-node
12:26:29 AM [vite] page reload .sl/store/mutation/index2-pred
12:26:29 AM [vite] page reload .sl/store/mutation/index2-succ
12:26:29 AM [vite] page reload .sl/store/mutation/index2-split
12:28:03 AM [vite] full reload resources/views/admin/import.blade.php
12:28:03 AM [vite] page reload resources/views/admin/import.blade.php
12:28:03 AM [vite] page reload app/Http/Controllers/AdminImportController.php
12:29:32 AM [vite] page reload .sl/store/segments/v1/iddag/rlock
12:29:32 AM [vite] page reload .sl/store/segments/v1/idmap2/rlock
12:29:32 AM [vite] page reload .sl/store/segments/v1/multimetalog/rlock
12:29:32 AM [vite] page reload .sl/store/metalog/roots/rlock
12:29:32 AM [vite] page reload .sl/store/metalog/blobs/index2-id
12:29:32 AM [vite] page reload .sl/store/metalog/blobs/rlock
12:29:32 AM [vite] page reload .sl/store/metalog/roots/index2-reverse
12:29:32 AM [vite] page reload .sl/store/segments/v1/multimetalog/index2-reverse
12:29:32 AM [vite] page reload .sl/store/segments/v1/idmap2/index2-id
12:29:32 AM [vite] page reload .sl/store/segments/v1/idmap2/index2-group-name
12:29:32 AM [vite] page reload .sl/store/segments/v1/iddag/index2-level-head
12:29:32 AM [vite] page reload .sl/store/segments/v1/iddag/index2-group-parent-child
12:29:33 AM [vite] page reload .sl/blackbox.log
12:29:33 AM [vite] page reload .sl/blackbox/v1/0/log
12:29:33 AM [vite] page reload .sl/store/segments/v1/iddag/rlock
12:29:33 AM [vite] page reload .sl/store/segments/v1/idmap2/rlock
12:29:33 AM [vite] page reload .sl/store/segments/v1/multimetalog/rlock
12:29:33 AM [vite] page reload .sl/store/metalog/roots/rlock
12:29:33 AM [vite] page reload .sl/store/metalog/blobs/index2-id
12:29:33 AM [vite] page reload .sl/store/metalog/blobs/rlock
12:29:33 AM [vite] page reload .sl/store/metalog/roots/index2-reverse
12:29:33 AM [vite] page reload .sl/store/segments/v1/idmap2/index2-id
12:29:33 AM [vite] page reload .sl/store/segments/v1/multimetalog/index2-reverse
12:29:33 AM [vite] page reload .sl/store/segments/v1/idmap2/index2-group-name
12:29:33 AM [vite] page reload .sl/store/segments/v1/iddag/index2-level-head
12:29:33 AM [vite] page reload .sl/store/segments/v1/iddag/index2-group-parent-child
12:29:33 AM [vite] page reload .sl/blackbox/v1/0/meta
12:29:33 AM [vite] page reload .sl/blackbox/v1/0/log
12:29:33 AM [vite] page reload .sl/blackbox/v1/rlock
12:29:33 AM [vite] page reload .sl/blackbox/v1/0/rlock
12:29:33 AM [vite] page reload .sl/blackbox/v1/0/index2-session_id
12:29:33 AM [vite] page reload .sl/blackbox/v1/0/index2-event
12:29:33 AM [vite] page reload .sl/blackbox/v1/0/meta
12:29:40 AM [vite] page reload .sl/store/metalog/roots/index2-reverse
12:29:40 AM [vite] page reload .sl/store/segments/v1/multimetalog/index2-reverse
12:29:40 AM [vite] page reload .sl/store/segments/v1/idmap2/index2-id
12:29:40 AM [vite] page reload .sl/store/segments/v1/idmap2/index2-group-name
12:29:40 AM [vite] page reload .sl/store/segments/v1/iddag/index2-level-head
12:29:40 AM [vite] page reload .sl/store/segments/v1/iddag/index2-group-parent-child
12:29:40 AM [vite] page reload .sl/store/segments/v1/iddag/rlock
12:29:40 AM [vite] page reload .sl/store/segments/v1/idmap2/rlock
12:29:40 AM [vite] page reload .sl/store/segments/v1/multimetalog/rlock
12:29:40 AM [vite] page reload .sl/store/metalog/roots/rlock
12:29:40 AM [vite] page reload .sl/store/metalog/blobs/index2-id
12:29:40 AM [vite] page reload .sl/store/metalog/blobs/rlock
12:29:42 AM [vite] page reload .sl/blackbox.log
12:29:42 AM [vite] page reload .sl/store/metalog/roots/index2-reverse
12:29:42 AM [vite] page reload .sl/store/segments/v1/iddag/index2-level-head
12:29:42 AM [vite] page reload .sl/store/segments/v1/iddag/index2-group-parent-child
12:29:42 AM [vite] page reload .sl/store/segments/v1/multimetalog/index2-reverse
12:29:42 AM [vite] page reload .sl/store/segments/v1/idmap2/index2-id
12:29:42 AM [vite] page reload .sl/store/segments/v1/idmap2/index2-group-name
12:29:42 AM [vite] page reload .sl/blackbox.log
12:29:42 AM [vite] page reload .sl/store/segments/v1/iddag/rlock
12:29:42 AM [vite] page reload .sl/store/segments/v1/idmap2/rlock
12:29:42 AM [vite] page reload .sl/store/segments/v1/multimetalog/rlock
12:29:42 AM [vite] page reload .sl/store/metalog/roots/rlock
12:29:42 AM [vite] page reload .sl/store/metalog/blobs/index2-id
12:29:42 AM [vite] page reload .sl/store/metalog/blobs/rlock
12:29:42 AM [vite] page reload .sl/blackbox/v1/0/log
12:29:42 AM [vite] page reload .sl/blackbox/v1/rlock
12:29:42 AM [vite] page reload .sl/blackbox/v1/0/rlock
12:29:42 AM [vite] page reload .sl/blackbox/v1/0/index2-session_id
12:29:42 AM [vite] page reload .sl/blackbox/v1/0/index2-event
12:29:42 AM [vite] page reload .sl/store/segments/v1/iddag/index2-level-head
12:29:42 AM [vite] page reload .sl/store/segments/v1/iddag/index2-group-parent-child
12:29:42 AM [vite] page reload .sl/blackbox/v1/0/meta
12:29:43 AM [vite] page reload .sl/store/segments/v1/iddag/rlock
12:29:43 AM [vite] page reload .sl/store/segments/v1/idmap2/rlock
12:29:43 AM [vite] page reload .sl/store/segments/v1/multimetalog/rlock
12:29:43 AM [vite] page reload .sl/store/metalog/roots/rlock
12:29:43 AM [vite] page reload .sl/store/metalog/blobs/index2-id
12:29:43 AM [vite] page reload .sl/store/metalog/blobs/rlock
12:29:43 AM [vite] page reload .sl/store/metalog/roots/index2-reverse
12:29:43 AM [vite] page reload .sl/store/segments/v1/multimetalog/index2-reverse
12:29:43 AM [vite] page reload .sl/store/segments/v1/idmap2/index2-id
12:29:43 AM [vite] page reload .sl/store/segments/v1/idmap2/index2-group-name
12:29:43 AM [vite] page reload .sl/store/segments/v1/iddag/index2-level-head
12:29:43 AM [vite] page reload .sl/store/segments/v1/iddag/index2-group-parent-child
12:29:45 AM [vite] page reload .sl/blackbox.log
12:29:45 AM [vite] page reload .sl/store/segments/v1/iddag/rlock
12:29:45 AM [vite] page reload .sl/store/segments/v1/idmap2/rlock
12:29:45 AM [vite] page reload .sl/store/segments/v1/multimetalog/rlock
12:29:45 AM [vite] page reload .sl/store/metalog/roots/rlock
12:29:45 AM [vite] page reload .sl/store/metalog/blobs/index2-id
12:29:45 AM [vite] page reload .sl/store/metalog/blobs/rlock
12:29:45 AM [vite] page reload .sl/blackbox/v1/0/log
12:29:45 AM [vite] page reload .sl/blackbox/v1/rlock
12:29:45 AM [vite] page reload .sl/blackbox/v1/0/rlock
12:29:45 AM [vite] page reload .sl/blackbox/v1/0/index2-session_id
12:29:45 AM [vite] page reload .sl/blackbox/v1/0/index2-event
12:29:45 AM [vite] page reload .sl/store/metalog/roots/index2-reverse
12:29:45 AM [vite] page reload .sl/store/segments/v1/multimetalog/index2-reverse
12:29:45 AM [vite] page reload .sl/store/segments/v1/idmap2/index2-id
12:29:45 AM [vite] page reload .sl/store/segments/v1/idmap2/index2-group-name
12:29:45 AM [vite] page reload .sl/store/segments/v1/iddag/index2-level-head
12:29:45 AM [vite] page reload .sl/store/segments/v1/iddag/index2-group-parent-child
12:29:45 AM [vite] page reload .sl/blackbox/v1/0/meta
12:30:52 AM [vite] page reload app/Http/Controllers/AdminImportController.php
12:31:28 AM [vite] page reload .sl/store/segments/v1/iddag/rlock
12:31:28 AM [vite] page reload .sl/store/segments/v1/idmap2/rlock
12:31:28 AM [vite] page reload .sl/store/segments/v1/multimetalog/rlock
12:31:28 AM [vite] page reload .sl/store/metalog/roots/rlock
12:31:28 AM [vite] page reload .sl/store/metalog/blobs/index2-id
12:31:28 AM [vite] page reload .sl/store/metalog/blobs/rlock
12:31:28 AM [vite] page reload .sl/store/metalog/roots/index2-reverse
12:31:28 AM [vite] page reload .sl/store/segments/v1/multimetalog/index2-reverse
12:31:28 AM [vite] page reload .sl/store/segments/v1/idmap2/index2-id
12:31:28 AM [vite] page reload .sl/store/segments/v1/idmap2/index2-group-name
12:31:28 AM [vite] page reload .sl/store/segments/v1/iddag/index2-level-head
12:31:28 AM [vite] page reload .sl/store/segments/v1/iddag/index2-group-parent-child
12:31:29 AM [vite] page reload .sl/blackbox.log
12:31:29 AM [vite] page reload .sl/store/metalog/roots/index2-reverse
12:31:29 AM [vite] page reload .sl/store/segments/v1/multimetalog/index2-reverse
12:31:29 AM [vite] page reload .sl/store/segments/v1/idmap2/index2-id
12:31:29 AM [vite] page reload .sl/store/segments/v1/idmap2/index2-group-name
12:31:29 AM [vite] page reload .sl/store/segments/v1/iddag/index2-level-head
12:31:29 AM [vite] page reload .sl/store/segments/v1/iddag/index2-group-parent-child
12:31:29 AM [vite] page reload .sl/blackbox.log
12:31:29 AM [vite] page reload .sl/store/segments/v1/iddag/rlock
12:31:29 AM [vite] page reload .sl/store/segments/v1/idmap2/rlock
12:31:29 AM [vite] page reload .sl/store/segments/v1/multimetalog/rlock
12:31:29 AM [vite] page reload .sl/store/metalog/roots/rlock
12:31:29 AM [vite] page reload .sl/store/metalog/blobs/index2-id
12:31:29 AM [vite] page reload .sl/store/metalog/blobs/rlock
12:31:29 AM [vite] page reload .sl/blackbox/v1/0/log
12:31:29 AM [vite] page reload .sl/blackbox/v1/rlock
12:31:29 AM [vite] page reload .sl/blackbox/v1/0/rlock
12:31:29 AM [vite] page reload .sl/blackbox/v1/0/index2-session_id
12:31:29 AM [vite] page reload .sl/blackbox/v1/0/index2-event
12:31:29 AM [vite] page reload .sl/blackbox/v1/0/meta
12:31:29 AM [vite] page reload .sl/store/metalog/roots/index2-reverse
12:31:29 AM [vite] page reload .sl/store/segments/v1/multimetalog/index2-reverse
12:31:29 AM [vite] page reload .sl/store/segments/v1/idmap2/index2-id
12:31:29 AM [vite] page reload .sl/store/segments/v1/idmap2/index2-group-name
12:31:29 AM [vite] page reload .sl/store/segments/v1/iddag/index2-level-head
12:31:29 AM [vite] page reload .sl/store/segments/v1/iddag/index2-group-parent-child
12:31:29 AM [vite] page reload .sl/store/metalog/roots/rlock
12:31:29 AM [vite] page reload .sl/store/metalog/blobs/index2-id
12:31:29 AM [vite] page reload .sl/store/metalog/blobs/rlock
12:31:29 AM [vite] page reload .sl/store/segments/v1/iddag/rlock
12:31:29 AM [vite] page reload .sl/store/segments/v1/idmap2/rlock
12:31:29 AM [vite] page reload .sl/store/segments/v1/multimetalog/rlock
12:31:29 AM [vite] page reload .sl/blackbox/v1/0/log
12:31:29 AM [vite] page reload .sl/blackbox/v1/rlock
12:31:29 AM [vite] page reload .sl/blackbox/v1/0/rlock
12:31:29 AM [vite] page reload .sl/blackbox/v1/0/index2-event
12:31:29 AM [vite] page reload .sl/blackbox/v1/0/index2-session_id
12:31:29 AM [vite] page reload .sl/blackbox/v1/0/meta
12:31:29 AM [vite] page reload .sl/store/metalog/roots/index2-reverse
12:31:29 AM [vite] page reload .sl/store/segments/v1/multimetalog/index2-reverse
12:31:29 AM [vite] page reload .sl/store/segments/v1/idmap2/index2-id
12:31:29 AM [vite] page reload .sl/store/segments/v1/idmap2/index2-group-name
12:31:29 AM [vite] page reload .sl/store/segments/v1/iddag/index2-level-head
12:31:29 AM [vite] page reload .sl/store/segments/v1/iddag/index2-group-parent-child
12:31:29 AM [vite] page reload .sl/store/allheads/rlock
12:31:29 AM [vite] page reload .sl/store/segments/v1/iddag/rlock
12:31:29 AM [vite] page reload .sl/store/segments/v1/idmap2/rlock
12:31:29 AM [vite] page reload .sl/store/segments/v1/multimetalog/rlock
12:31:29 AM [vite] page reload .sl/store/metalog/roots/rlock
12:31:29 AM [vite] page reload .sl/store/metalog/blobs/index2-id
12:31:29 AM [vite] page reload .sl/store/metalog/blobs/rlock
12:31:29 AM [vite] page reload .sl/store/mutation/rlock
12:31:29 AM [vite] page reload .sl/store/allheads/index2-node
12:31:29 AM [vite] page reload .sl/store/mutation/index2-pred
12:31:29 AM [vite] page reload .sl/store/mutation/index2-succ
12:31:29 AM [vite] page reload .sl/store/mutation/index2-split
12:32:35 AM [vite] page reload app/Http/Controllers/AdminImportController.php
12:33:27 AM [vite] page reload app/Http/Controllers/AdminImportController.php
12:33:30 AM [vite] page reload .sl/store/segments/v1/iddag/rlock
12:33:30 AM [vite] page reload .sl/store/segments/v1/idmap2/rlock
12:33:30 AM [vite] page reload .sl/store/segments/v1/multimetalog/rlock
12:33:30 AM [vite] page reload .sl/store/metalog/roots/rlock
12:33:30 AM [vite] page reload .sl/store/metalog/blobs/index2-id
12:33:30 AM [vite] page reload .sl/store/metalog/blobs/rlock
12:33:30 AM [vite] page reload .sl/store/metalog/roots/index2-reverse
12:33:30 AM [vite] page reload .sl/store/segments/v1/multimetalog/index2-reverse
12:33:30 AM [vite] page reload .sl/store/segments/v1/idmap2/index2-id
12:33:30 AM [vite] page reload .sl/store/segments/v1/idmap2/index2-group-name
12:33:30 AM [vite] page reload .sl/store/segments/v1/iddag/index2-level-head
12:33:30 AM [vite] page reload .sl/store/segments/v1/iddag/index2-group-parent-child
12:33:31 AM [vite] page reload .sl/store/metalog/roots/index2-reverse
12:33:31 AM [vite] page reload .sl/store/segments/v1/multimetalog/index2-reverse
12:33:31 AM [vite] page reload .sl/store/segments/v1/idmap2/index2-group-name
12:33:31 AM [vite] page reload .sl/store/segments/v1/idmap2/index2-id
12:33:31 AM [vite] page reload .sl/store/segments/v1/iddag/index2-level-head
12:33:31 AM [vite] page reload .sl/store/segments/v1/iddag/index2-group-parent-child
12:33:31 AM [vite] page reload .sl/blackbox.log
12:33:31 AM [vite] page reload .sl/store/segments/v1/iddag/rlock
12:33:31 AM [vite] page reload .sl/store/segments/v1/idmap2/rlock
12:33:31 AM [vite] page reload .sl/store/segments/v1/multimetalog/rlock
12:33:31 AM [vite] page reload .sl/store/metalog/roots/rlock
12:33:31 AM [vite] page reload .sl/store/metalog/blobs/index2-id
12:33:31 AM [vite] page reload .sl/store/metalog/blobs/rlock
12:33:31 AM [vite] page reload .sl/blackbox/v1/0/log
12:33:31 AM [vite] page reload .sl/blackbox/v1/rlock
12:33:31 AM [vite] page reload .sl/blackbox/v1/0/rlock
12:33:31 AM [vite] page reload .sl/blackbox/v1/0/index2-session_id
12:33:31 AM [vite] page reload .sl/blackbox/v1/0/index2-event
12:33:31 AM [vite] page reload .sl/store/segments/v1/multimetalog/index2-reverse
12:33:31 AM [vite] page reload .sl/store/segments/v1/idmap2/index2-id
12:33:31 AM [vite] page reload .sl/store/segments/v1/idmap2/index2-group-name
12:33:31 AM [vite] page reload .sl/store/segments/v1/iddag/index2-level-head
12:33:31 AM [vite] page reload .sl/store/segments/v1/iddag/index2-group-parent-child
12:33:31 AM [vite] page reload .sl/blackbox/v1/0/meta
12:33:43 AM [vite] page reload app/Http/Controllers/AdminImportController.php
12:33:44 AM [vite] page reload app/Http/Controllers/AdminImportController.php
12:33:52 AM [vite] page reload app/Http/Controllers/AdminImportController.php
12:33:58 AM [vite] page reload app/Http/Controllers/AdminImportController.php
