2025/05/02 00:57:22 bwh @(unknown) (9773) [visibility]> read 0 heads: 
2025/05/02 00:57:22 bwh @(unknown) (9773) [command_finish]> init --git . exited 0 after 0.23 seconds
2025/05/02 00:57:30 bwh @(unknown) (9808) [command]> add .
2025/05/02 00:57:30 bwh @0000000000000000000000000000000000000000 (9808) [command_finish]> add . exited 0 after 0.16 seconds
2025/05/02 00:57:35 bwh @(unknown) (9852) [command]> commit -m 'Initial directalert'
2025/05/02 00:57:35 bwh @0000000000000000000000000000000000000000 (9852) [visibility]> read 0 heads: 
2025/05/02 00:57:35 bwh @0000000000000000000000000000000000000000 (9852) [visibility]> read 0 heads: 
2025/05/02 00:57:35 bwh @0000000000000000000000000000000000000000 (9852) [visibility]> removed 0 heads []; added 1 heads [22c33aa119d7]
2025/05/02 00:57:35 bwh @22c33aa119d74faa873fa843f87aefdc398c8d05 (9852) [visibility]> wrote 1 heads: 22c33aa119d7
2025/05/02 00:57:35 bwh @22c33aa119d74faa873fa843f87aefdc398c8d05 (9852) [command_finish]> commit -m 'Initial directalert' exited 0 after 0.32 seconds
2025/05/02 00:58:10 bwh @(unknown) (10001) [command]> amend
2025/05/02 00:58:10 bwh @22c33aa119d74faa873fa843f87aefdc398c8d05 (10001) [visibility]> read 1 heads: 22c33aa119d7
2025/05/02 00:58:10 bwh @22c33aa119d74faa873fa843f87aefdc398c8d05 (10001) [visibility]> read 1 heads: 22c33aa119d7
2025/05/02 00:58:10 bwh @22c33aa119d74faa873fa843f87aefdc398c8d05 (10001) [visibility]> removed 0 heads []; added 1 heads [91014e0043f0]
2025/05/02 00:58:10 bwh @91014e0043f0658d43a9bf72ee5122a9cc279fde (10001) [visibility]> removed 1 heads [22c33aa119d7]; added 0 heads []
2025/05/02 00:58:10 bwh @91014e0043f0658d43a9bf72ee5122a9cc279fde (10001) [visibility]> wrote 1 heads: 91014e0043f0
2025/05/02 00:58:10 bwh @91014e0043f0658d43a9bf72ee5122a9cc279fde (10001) [command_finish]> amend exited 0 after 0.26 seconds
2025/05/02 00:58:11 bwh @(unknown) (10071) [command]> amend -A
2025/05/02 00:58:11 bwh @91014e0043f0658d43a9bf72ee5122a9cc279fde (10071) [visibility]> read 1 heads: 91014e0043f0
2025/05/02 00:58:11 bwh @91014e0043f0658d43a9bf72ee5122a9cc279fde (10071) [visibility]> read 1 heads: 91014e0043f0
2025/05/02 00:58:11 bwh @91014e0043f0658d43a9bf72ee5122a9cc279fde (10071) [visibility]> removed 0 heads []; added 1 heads [83ead472e3d0]
2025/05/02 00:58:11 bwh @83ead472e3d05a8ecc5be1c86b5ec2ef00da8328 (10071) [visibility]> removed 1 heads [91014e0043f0]; added 0 heads []
2025/05/02 00:58:11 bwh @83ead472e3d05a8ecc5be1c86b5ec2ef00da8328 (10071) [visibility]> wrote 1 heads: 83ead472e3d0
2025/05/02 00:58:11 bwh @83ead472e3d05a8ecc5be1c86b5ec2ef00da8328 (10071) [command_finish]> amend -A exited 0 after 0.29 seconds
2025/05/02 01:44:50 bwh @(unknown) (12569) [command]> add .
2025/05/02 01:44:50 bwh @83ead472e3d05a8ecc5be1c86b5ec2ef00da8328 (12569) [command_finish]> add . exited 0 after 0.18 seconds
2025/05/02 01:44:54 bwh @(unknown) (12600) [command]> commit -m Wip
2025/05/02 01:44:54 bwh @83ead472e3d05a8ecc5be1c86b5ec2ef00da8328 (12600) [visibility]> read 1 heads: 83ead472e3d0
2025/05/02 01:44:54 bwh @83ead472e3d05a8ecc5be1c86b5ec2ef00da8328 (12600) [visibility]> read 1 heads: 83ead472e3d0
2025/05/02 01:44:54 bwh @83ead472e3d05a8ecc5be1c86b5ec2ef00da8328 (12600) [visibility]> removed 1 heads [83ead472e3d0]; added 1 heads [e99f0c8b32b0]
2025/05/02 01:44:54 bwh @e99f0c8b32b0b74b79af886ea1a965f0cdea000d (12600) [visibility]> wrote 1 heads: e99f0c8b32b0
2025/05/02 01:44:54 bwh @e99f0c8b32b0b74b79af886ea1a965f0cdea000d (12600) [command_finish]> commit -m Wip exited 0 after 0.27 seconds
2025/05/02 23:51:29 bwh @(unknown) (26286) [command]> blame /Users/bwh/proj/directalert/resources/views/welcome.blade.php -Tjson --change --rev e99f0c8b32b0b74b79af886ea1a965f0cdea000d --noninteractive
2025/05/02 23:51:29 bwh @e99f0c8b32b0b74b79af886ea1a965f0cdea000d (26286) [command_finish]> blame /Users/bwh/proj/directalert/resources/views/welcome.blade.php -Tjson --change --rev e99f0c8b32b0b74b79af886ea1a965f0cdea000d --noninteractive exited 0 after 0.11 seconds
2025/05/02 23:53:12 bwh @(unknown) (27196) [command]> blame /Users/bwh/proj/directalert/resources/views/welcome.blade.php -Tjson --change --rev e99f0c8b32b0b74b79af886ea1a965f0cdea000d --noninteractive
2025/05/02 23:53:12 bwh @e99f0c8b32b0b74b79af886ea1a965f0cdea000d (27196) [command_finish]> blame /Users/bwh/proj/directalert/resources/views/welcome.blade.php -Tjson --change --rev e99f0c8b32b0b74b79af886ea1a965f0cdea000d --noninteractive exited 0 after 0.15 seconds
2025/05/02 23:53:14 bwh @(unknown) (27208) [command]> blame /Users/bwh/proj/directalert/resources/views/admin/export.blade.php -Tjson --change --rev e99f0c8b32b0b74b79af886ea1a965f0cdea000d --noninteractive
2025/05/02 23:53:14 bwh @e99f0c8b32b0b74b79af886ea1a965f0cdea000d (27208) [command_finish]> blame /Users/bwh/proj/directalert/resources/views/admin/export.blade.php -Tjson --change --rev e99f0c8b32b0b74b79af886ea1a965f0cdea000d --noninteractive exited 0 after 0.13 seconds
2025/05/02 23:54:20 bwh @(unknown) (27371) [command]> blame /Users/bwh/proj/directalert/app/Http/Controllers/VerificationController.php -Tjson --change --rev e99f0c8b32b0b74b79af886ea1a965f0cdea000d --noninteractive
2025/05/02 23:54:20 bwh @e99f0c8b32b0b74b79af886ea1a965f0cdea000d (27371) [command_finish]> blame /Users/bwh/proj/directalert/app/Http/Controllers/VerificationController.php -Tjson --change --rev e99f0c8b32b0b74b79af886ea1a965f0cdea000d --noninteractive exited 0 after 0.10 seconds
2025/05/02 23:55:38 bwh @(unknown) (27867) [command]> blame /Users/bwh/proj/directalert/app/Http/Controllers/VerificationController.php -Tjson --change --rev e99f0c8b32b0b74b79af886ea1a965f0cdea000d --noninteractive
2025/05/02 23:55:38 bwh @e99f0c8b32b0b74b79af886ea1a965f0cdea000d (27867) [command_finish]> blame /Users/bwh/proj/directalert/app/Http/Controllers/VerificationController.php -Tjson --change --rev e99f0c8b32b0b74b79af886ea1a965f0cdea000d --noninteractive exited 0 after 0.11 seconds
2025/05/02 23:56:11 bwh @(unknown) (27983) [command]> blame /Users/bwh/proj/directalert/resources/views/welcome.blade.php -Tjson --change --rev e99f0c8b32b0b74b79af886ea1a965f0cdea000d --noninteractive
2025/05/02 23:56:11 bwh @e99f0c8b32b0b74b79af886ea1a965f0cdea000d (27983) [command_finish]> blame /Users/bwh/proj/directalert/resources/views/welcome.blade.php -Tjson --change --rev e99f0c8b32b0b74b79af886ea1a965f0cdea000d --noninteractive exited 0 after 0.10 seconds
2025/05/02 23:58:08 bwh @(unknown) (29067) [command]> blame /Users/bwh/proj/directalert/resources/views/thanks.blade.php -Tjson --change --rev e99f0c8b32b0b74b79af886ea1a965f0cdea000d --noninteractive
2025/05/02 23:58:08 bwh @e99f0c8b32b0b74b79af886ea1a965f0cdea000d (29067) [command_finish]> blame /Users/bwh/proj/directalert/resources/views/thanks.blade.php -Tjson --change --rev e99f0c8b32b0b74b79af886ea1a965f0cdea000d --noninteractive exited 0 after 0.13 seconds
2025/05/02 23:58:28 bwh @(unknown) (29078) [command]> blame /Users/bwh/proj/directalert/resources/views/welcome.blade.php -Tjson --change --rev e99f0c8b32b0b74b79af886ea1a965f0cdea000d --noninteractive
2025/05/02 23:58:28 bwh @e99f0c8b32b0b74b79af886ea1a965f0cdea000d (29078) [command_finish]> blame /Users/bwh/proj/directalert/resources/views/welcome.blade.php -Tjson --change --rev e99f0c8b32b0b74b79af886ea1a965f0cdea000d --noninteractive exited 0 after 0.10 seconds
2025/05/03 00:01:05 bwh @(unknown) (29153) [command]> blame /Users/bwh/proj/directalert/resources/views/update-information.blade.php -Tjson --change --rev e99f0c8b32b0b74b79af886ea1a965f0cdea000d --noninteractive
2025/05/03 00:01:05 bwh @e99f0c8b32b0b74b79af886ea1a965f0cdea000d (29153) [command_finish]> blame /Users/bwh/proj/directalert/resources/views/update-information.blade.php -Tjson --change --rev e99f0c8b32b0b74b79af886ea1a965f0cdea000d --noninteractive exited 0 after 0.11 seconds
2025/05/03 00:01:10 bwh @(unknown) (29191) [command]> blame /Users/bwh/proj/directalert/resources/views/layout/master_layout.blade.php -Tjson --change --rev e99f0c8b32b0b74b79af886ea1a965f0cdea000d --noninteractive
2025/05/03 00:01:10 bwh @e99f0c8b32b0b74b79af886ea1a965f0cdea000d (29191) [command_finish]> blame /Users/bwh/proj/directalert/resources/views/layout/master_layout.blade.php -Tjson --change --rev e99f0c8b32b0b74b79af886ea1a965f0cdea000d --noninteractive exited 0 after 0.10 seconds
2025/05/03 00:45:45 bwh @(unknown) (31463) [command]> blame /Users/bwh/proj/directalert/resources/views/admin/export.blade.php -Tjson --change --rev e99f0c8b32b0b74b79af886ea1a965f0cdea000d --noninteractive
2025/05/03 00:45:45 bwh @e99f0c8b32b0b74b79af886ea1a965f0cdea000d (31463) [command_finish]> blame /Users/bwh/proj/directalert/resources/views/admin/export.blade.php -Tjson --change --rev e99f0c8b32b0b74b79af886ea1a965f0cdea000d --noninteractive exited 0 after 0.11 seconds
2025/05/03 01:06:50 bwh @(unknown) (33011) [command]> blame /Users/bwh/proj/directalert/resources/views/components/label.blade.php -Tjson --change --rev e99f0c8b32b0b74b79af886ea1a965f0cdea000d --noninteractive
2025/05/03 01:06:50 bwh @e99f0c8b32b0b74b79af886ea1a965f0cdea000d (33011) [command_finish]> blame /Users/bwh/proj/directalert/resources/views/components/label.blade.php -Tjson --change --rev e99f0c8b32b0b74b79af886ea1a965f0cdea000d --noninteractive exited 0 after 0.10 seconds
2025/05/03 01:09:58 bwh @(unknown) (33357) [command]> blame /Users/bwh/proj/directalert/resources/views/components/form-row.blade.php -Tjson --change --rev e99f0c8b32b0b74b79af886ea1a965f0cdea000d --noninteractive
2025/05/03 01:09:58 bwh @e99f0c8b32b0b74b79af886ea1a965f0cdea000d (33357) [command_finish]> blame /Users/bwh/proj/directalert/resources/views/components/form-row.blade.php -Tjson --change --rev e99f0c8b32b0b74b79af886ea1a965f0cdea000d --noninteractive exited 0 after 0.10 seconds
2025/05/03 01:11:24 bwh @(unknown) (33935) [command]> blame /Users/bwh/proj/directalert/resources/views/components/h1.blade.php -Tjson --change --rev e99f0c8b32b0b74b79af886ea1a965f0cdea000d --noninteractive
2025/05/03 01:11:24 bwh @e99f0c8b32b0b74b79af886ea1a965f0cdea000d (33935) [command_finish]> blame /Users/bwh/proj/directalert/resources/views/components/h1.blade.php -Tjson --change --rev e99f0c8b32b0b74b79af886ea1a965f0cdea000d --noninteractive exited 0 after 0.12 seconds
2025/05/03 01:12:17 bwh @(unknown) (34269) [command]> blame /Users/bwh/proj/directalert/resources/views/components/p.blade.php -Tjson --change --rev e99f0c8b32b0b74b79af886ea1a965f0cdea000d --noninteractive
2025/05/03 01:12:17 bwh @e99f0c8b32b0b74b79af886ea1a965f0cdea000d (34269) [command_finish]> blame /Users/bwh/proj/directalert/resources/views/components/p.blade.php -Tjson --change --rev e99f0c8b32b0b74b79af886ea1a965f0cdea000d --noninteractive exited 0 after 0.12 seconds
2025/05/03 01:15:50 bwh @(unknown) (35285) [command]> blame /Users/bwh/proj/directalert/app/Http/Controllers/VerificationController.php -Tjson --change --rev e99f0c8b32b0b74b79af886ea1a965f0cdea000d --noninteractive
2025/05/03 01:15:50 bwh @e99f0c8b32b0b74b79af886ea1a965f0cdea000d (35285) [command_finish]> blame /Users/bwh/proj/directalert/app/Http/Controllers/VerificationController.php -Tjson --change --rev e99f0c8b32b0b74b79af886ea1a965f0cdea000d --noninteractive exited 0 after 0.11 seconds
2025/05/03 20:24:24 bwh @(unknown) (60286) [command]> commit -Am wip
2025/05/03 20:24:24 bwh @e99f0c8b32b0b74b79af886ea1a965f0cdea000d (60286) [visibility]> read 1 heads: e99f0c8b32b0
2025/05/03 20:24:25 bwh @e99f0c8b32b0b74b79af886ea1a965f0cdea000d (60286) [visibility]> read 1 heads: e99f0c8b32b0
2025/05/03 20:24:25 bwh @e99f0c8b32b0b74b79af886ea1a965f0cdea000d (60286) [visibility]> removed 1 heads [e99f0c8b32b0]; added 1 heads [8a60d21ba805]
2025/05/03 20:24:25 bwh @8a60d21ba80586f99b8367446b3eff13d67b3181 (60286) [visibility]> wrote 1 heads: 8a60d21ba805
2025/05/03 20:24:25 bwh @8a60d21ba80586f99b8367446b3eff13d67b3181 (60286) [command_finish]> commit -Am wip exited 0 after 0.35 seconds
2025/05/03 20:27:42 bwh @(unknown) (60449) [command]> blame /Users/bwh/proj/directalert/app/Http/Controllers/VerificationController.php -Tjson --change --rev 8a60d21ba80586f99b8367446b3eff13d67b3181 --noninteractive
2025/05/03 20:27:42 bwh @8a60d21ba80586f99b8367446b3eff13d67b3181 (60449) [command_finish]> blame /Users/bwh/proj/directalert/app/Http/Controllers/VerificationController.php -Tjson --change --rev 8a60d21ba80586f99b8367446b3eff13d67b3181 --noninteractive exited 0 after 0.14 seconds
2025/05/03 21:26:28 bwh @(unknown) (62366) [command]> blame /Users/bwh/proj/directalert/package.json -Tjson --change --rev 8a60d21ba80586f99b8367446b3eff13d67b3181 --noninteractive
2025/05/03 21:26:28 bwh @8a60d21ba80586f99b8367446b3eff13d67b3181 (62366) [command_finish]> blame /Users/bwh/proj/directalert/package.json -Tjson --change --rev 8a60d21ba80586f99b8367446b3eff13d67b3181 --noninteractive exited 0 after 0.15 seconds
2025/05/03 21:28:20 bwh @(unknown) (62429) [command]> blame /Users/bwh/proj/directalert/.htaccess -Tjson --change --rev 8a60d21ba80586f99b8367446b3eff13d67b3181 --noninteractive
2025/05/03 21:28:20 bwh @8a60d21ba80586f99b8367446b3eff13d67b3181 (62429) [command_finish]> blame /Users/bwh/proj/directalert/.htaccess -Tjson --change --rev 8a60d21ba80586f99b8367446b3eff13d67b3181 --noninteractive exited 0 after 0.12 seconds
2025/05/03 21:28:53 bwh @(unknown) (62437) [command]> blame /Users/bwh/proj/directalert/README.md -Tjson --change --rev 8a60d21ba80586f99b8367446b3eff13d67b3181 --noninteractive
2025/05/03 21:28:53 bwh @8a60d21ba80586f99b8367446b3eff13d67b3181 (62437) [command_finish]> blame /Users/bwh/proj/directalert/README.md -Tjson --change --rev 8a60d21ba80586f99b8367446b3eff13d67b3181 --noninteractive exited 0 after 0.22 seconds
2025/05/03 21:30:35 bwh @(unknown) (63082) [command]> blame /Users/bwh/proj/directalert/resources/views/welcome.blade.php -Tjson --change --rev 8a60d21ba80586f99b8367446b3eff13d67b3181 --noninteractive
2025/05/03 21:30:35 bwh @8a60d21ba80586f99b8367446b3eff13d67b3181 (63082) [command_finish]> blame /Users/bwh/proj/directalert/resources/views/welcome.blade.php -Tjson --change --rev 8a60d21ba80586f99b8367446b3eff13d67b3181 --noninteractive exited 0 after 0.14 seconds
2025/05/03 21:38:35 bwh @(unknown) (63205) [command]> blame /Users/bwh/proj/directalert/resources/views/layout/master_layout.blade.php -Tjson --change --rev 8a60d21ba80586f99b8367446b3eff13d67b3181 --noninteractive
2025/05/03 21:38:35 bwh @8a60d21ba80586f99b8367446b3eff13d67b3181 (63205) [command_finish]> blame /Users/bwh/proj/directalert/resources/views/layout/master_layout.blade.php -Tjson --change --rev 8a60d21ba80586f99b8367446b3eff13d67b3181 --noninteractive exited 0 after 0.14 seconds
2025/05/03 21:38:59 bwh @(unknown) (63365) [command]> blame /Users/bwh/proj/directalert/resources/views/components/footer.blade.php -Tjson --change --rev 8a60d21ba80586f99b8367446b3eff13d67b3181 --noninteractive
2025/05/03 21:38:59 bwh @8a60d21ba80586f99b8367446b3eff13d67b3181 (63365) [command_finish]> blame /Users/bwh/proj/directalert/resources/views/components/footer.blade.php -Tjson --change --rev 8a60d21ba80586f99b8367446b3eff13d67b3181 --noninteractive exited 0 after 0.12 seconds
2025/05/03 21:39:17 bwh @(unknown) (63403) [command]> blame /Users/bwh/proj/directalert/resources/views/components/header.blade.php -Tjson --change --rev 8a60d21ba80586f99b8367446b3eff13d67b3181 --noninteractive
2025/05/03 21:39:17 bwh @8a60d21ba80586f99b8367446b3eff13d67b3181 (63403) [command_finish]> blame /Users/bwh/proj/directalert/resources/views/components/header.blade.php -Tjson --change --rev 8a60d21ba80586f99b8367446b3eff13d67b3181 --noninteractive exited 0 after 0.13 seconds
2025/05/03 21:42:00 bwh @(unknown) (63699) [command]> blame /Users/bwh/proj/directalert/resources/views/components/head.blade.php -Tjson --change --rev 8a60d21ba80586f99b8367446b3eff13d67b3181 --noninteractive
2025/05/03 21:42:00 bwh @8a60d21ba80586f99b8367446b3eff13d67b3181 (63699) [command_finish]> blame /Users/bwh/proj/directalert/resources/views/components/head.blade.php -Tjson --change --rev 8a60d21ba80586f99b8367446b3eff13d67b3181 --noninteractive exited 0 after 0.14 seconds
2025/05/03 21:59:58 bwh @(unknown) (64598) [command]> blame /Users/bwh/proj/directalert/tailwind.config.js -Tjson --change --rev 8a60d21ba80586f99b8367446b3eff13d67b3181 --noninteractive
2025/05/03 21:59:58 bwh @8a60d21ba80586f99b8367446b3eff13d67b3181 (64598) [command_finish]> blame /Users/bwh/proj/directalert/tailwind.config.js -Tjson --change --rev 8a60d21ba80586f99b8367446b3eff13d67b3181 --noninteractive exited 0 after 0.21 seconds
2025/05/03 22:53:28 bwh @(unknown) (66174) [command]> blame /Users/bwh/proj/directalert/resources/css/app.css -Tjson --change --rev 8a60d21ba80586f99b8367446b3eff13d67b3181 --noninteractive
2025/05/03 22:53:28 bwh @8a60d21ba80586f99b8367446b3eff13d67b3181 (66174) [command_finish]> blame /Users/bwh/proj/directalert/resources/css/app.css -Tjson --change --rev 8a60d21ba80586f99b8367446b3eff13d67b3181 --noninteractive exited 0 after 0.20 seconds
2025/05/03 23:10:21 bwh @(unknown) (66837) [command]> blame /Users/bwh/proj/directalert/resources/views/update-information.blade.php -Tjson --change --rev 8a60d21ba80586f99b8367446b3eff13d67b3181 --noninteractive
2025/05/03 23:10:21 bwh @8a60d21ba80586f99b8367446b3eff13d67b3181 (66837) [command_finish]> blame /Users/bwh/proj/directalert/resources/views/update-information.blade.php -Tjson --change --rev 8a60d21ba80586f99b8367446b3eff13d67b3181 --noninteractive exited 0 after 0.13 seconds
2025/05/05 23:31:26 bwh @(unknown) (19434) [command]> commit -Am 'Added login'
2025/05/05 23:31:26 bwh @8a60d21ba80586f99b8367446b3eff13d67b3181 (19434) [visibility]> read 1 heads: 8a60d21ba805
2025/05/05 23:31:26 bwh @8a60d21ba80586f99b8367446b3eff13d67b3181 (19434) [visibility]> read 1 heads: 8a60d21ba805
2025/05/05 23:31:26 bwh @8a60d21ba80586f99b8367446b3eff13d67b3181 (19434) [visibility]> removed 1 heads [8a60d21ba805]; added 1 heads [fc2819c44e3e]
2025/05/05 23:31:26 bwh @fc2819c44e3e9fd66fd11cc6552196300a65607f (19434) [visibility]> wrote 1 heads: fc2819c44e3e
2025/05/05 23:31:26 bwh @fc2819c44e3e9fd66fd11cc6552196300a65607f (19434) [command_finish]> commit -Am 'Added login' exited 0 after 0.37 seconds
2025/05/05 23:32:01 bwh @(unknown) (19573) [command]> blame /Users/bwh/proj/directalert/resources/views/admin/export.blade.php -Tjson --change --rev 8a60d21ba80586f99b8367446b3eff13d67b3181 --noninteractive
2025/05/05 23:32:01 bwh @fc2819c44e3e9fd66fd11cc6552196300a65607f (19573) [command_finish]> blame /Users/bwh/proj/directalert/resources/views/admin/export.blade.php -Tjson --change --rev 8a60d21ba80586f99b8367446b3eff13d67b3181 --noninteractive exited 0 after 0.11 seconds
2025/05/05 23:34:18 bwh @(unknown) (19743) [command]> blame /Users/bwh/proj/directalert/resources/views/admin/export.blade.php -Tjson --change --rev fc2819c44e3e9fd66fd11cc6552196300a65607f --noninteractive
2025/05/05 23:34:18 bwh @fc2819c44e3e9fd66fd11cc6552196300a65607f (19743) [command_finish]> blame /Users/bwh/proj/directalert/resources/views/admin/export.blade.php -Tjson --change --rev fc2819c44e3e9fd66fd11cc6552196300a65607f --noninteractive exited 0 after 0.11 seconds
2025/05/07 23:25:16 bwh @(unknown) (54373) [command]> blame /Users/bwh/proj/directalert/app/Http/Controllers/AdminExportController.php -Tjson --change --rev fc2819c44e3e9fd66fd11cc6552196300a65607f --noninteractive
2025/05/07 23:25:16 bwh @fc2819c44e3e9fd66fd11cc6552196300a65607f (54373) [command_finish]> blame /Users/bwh/proj/directalert/app/Http/Controllers/AdminExportController.php -Tjson --change --rev fc2819c44e3e9fd66fd11cc6552196300a65607f --noninteractive exited 0 after 0.12 seconds
2025/05/07 23:25:25 bwh @(unknown) (54481) [command]> blame /Users/bwh/proj/directalert/app/Http/Controllers/DirectAlertDumpController.php -Tjson --change --rev fc2819c44e3e9fd66fd11cc6552196300a65607f --noninteractive
2025/05/07 23:25:25 bwh @fc2819c44e3e9fd66fd11cc6552196300a65607f (54481) [command_finish]> blame /Users/bwh/proj/directalert/app/Http/Controllers/DirectAlertDumpController.php -Tjson --change --rev fc2819c44e3e9fd66fd11cc6552196300a65607f --noninteractive exited 0 after 0.10 seconds
2025/05/07 23:26:38 bwh @(unknown) (55188) [command]> commit -m 'Ensure that DirectAlertDumpController requires the requesting user is logged in and has the admin role, else return 401 unauthorized'
2025/05/07 23:26:38 bwh @fc2819c44e3e9fd66fd11cc6552196300a65607f (55188) [visibility]> read 1 heads: fc2819c44e3e
2025/05/07 23:26:38 bwh @fc2819c44e3e9fd66fd11cc6552196300a65607f (55188) [visibility]> read 1 heads: fc2819c44e3e
2025/05/07 23:26:38 bwh @fc2819c44e3e9fd66fd11cc6552196300a65607f (55188) [visibility]> removed 1 heads [fc2819c44e3e]; added 1 heads [5aea03b32778]
2025/05/07 23:26:38 bwh @5aea03b3277841617d046dd36c1c4075b2fc3f3e (55188) [visibility]> wrote 1 heads: 5aea03b32778
2025/05/07 23:26:38 bwh @5aea03b3277841617d046dd36c1c4075b2fc3f3e (55188) [command_finish]> commit -m 'Ensure that DirectAlertDumpController requires the requesting user is logged in and has the admin role, else return 401 unauthorized' exited 0 after 0.26 seconds
2025/05/07 23:31:29 bwh @(unknown) (56558) [command]> blame /Users/bwh/proj/directalert/app/Http/Controllers/DirectAlertDumpController.php -Tjson --change --rev 5aea03b3277841617d046dd36c1c4075b2fc3f3e --noninteractive
2025/05/07 23:31:29 bwh @5aea03b3277841617d046dd36c1c4075b2fc3f3e (56558) [command_finish]> blame /Users/bwh/proj/directalert/app/Http/Controllers/DirectAlertDumpController.php -Tjson --change --rev 5aea03b3277841617d046dd36c1c4075b2fc3f3e --noninteractive exited 0 after 0.12 seconds
2025/05/07 23:43:57 bwh @(unknown) (59014) [command]> blame /Users/bwh/proj/directalert/app/Http/Controllers/VerificationController.php -Tjson --change --rev 5aea03b3277841617d046dd36c1c4075b2fc3f3e --noninteractive
2025/05/07 23:43:57 bwh @5aea03b3277841617d046dd36c1c4075b2fc3f3e (59014) [command_finish]> blame /Users/bwh/proj/directalert/app/Http/Controllers/VerificationController.php -Tjson --change --rev 5aea03b3277841617d046dd36c1c4075b2fc3f3e --noninteractive exited 0 after 0.11 seconds
2025/05/07 23:44:00 bwh @(unknown) (59040) [command]> blame /Users/bwh/proj/directalert/resources/views/admin/export.blade.php -Tjson --change --rev 5aea03b3277841617d046dd36c1c4075b2fc3f3e --noninteractive
2025/05/07 23:44:00 bwh @5aea03b3277841617d046dd36c1c4075b2fc3f3e (59040) [command_finish]> blame /Users/bwh/proj/directalert/resources/views/admin/export.blade.php -Tjson --change --rev 5aea03b3277841617d046dd36c1c4075b2fc3f3e --noninteractive exited 0 after 0.10 seconds
2025/05/07 23:45:08 bwh @(unknown) (59237) [command]> blame /Users/bwh/proj/directalert/routes/api.php -Tjson --change --rev 5aea03b3277841617d046dd36c1c4075b2fc3f3e --noninteractive
2025/05/07 23:45:08 bwh @5aea03b3277841617d046dd36c1c4075b2fc3f3e (59237) [command_finish]> blame /Users/bwh/proj/directalert/routes/api.php -Tjson --change --rev 5aea03b3277841617d046dd36c1c4075b2fc3f3e --noninteractive exited 0 after 0.11 seconds
2025/05/07 23:45:14 bwh @(unknown) (59311) [command]> blame /Users/bwh/proj/directalert/routes/web.php -Tjson --change --rev 5aea03b3277841617d046dd36c1c4075b2fc3f3e --noninteractive
2025/05/07 23:45:14 bwh @5aea03b3277841617d046dd36c1c4075b2fc3f3e (59311) [command_finish]> blame /Users/bwh/proj/directalert/routes/web.php -Tjson --change --rev 5aea03b3277841617d046dd36c1c4075b2fc3f3e --noninteractive exited 0 after 0.21 seconds
2025/05/07 23:50:42 bwh @(unknown) (59699) [command]> blame /Users/bwh/proj/directalert/app/Http/Controllers/AdminExportController.php -Tjson --change --rev 5aea03b3277841617d046dd36c1c4075b2fc3f3e --noninteractive
2025/05/07 23:50:42 bwh @5aea03b3277841617d046dd36c1c4075b2fc3f3e (59699) [command_finish]> blame /Users/bwh/proj/directalert/app/Http/Controllers/AdminExportController.php -Tjson --change --rev 5aea03b3277841617d046dd36c1c4075b2fc3f3e --noninteractive exited 0 after 0.18 seconds
2025/05/07 23:52:52 bwh @(unknown) (59978) [command]> blame /Users/bwh/proj/directalert/app/Http/Middleware/Authenticate.php -Tjson --change --rev 5aea03b3277841617d046dd36c1c4075b2fc3f3e --noninteractive
2025/05/07 23:52:52 bwh @5aea03b3277841617d046dd36c1c4075b2fc3f3e (59978) [command_finish]> blame /Users/bwh/proj/directalert/app/Http/Middleware/Authenticate.php -Tjson --change --rev 5aea03b3277841617d046dd36c1c4075b2fc3f3e --noninteractive exited 0 after 0.10 seconds
2025/05/07 23:57:20 bwh @(unknown) (61867) [command]> commit -Am 'Fix directalert export authentication'
2025/05/07 23:57:20 bwh @5aea03b3277841617d046dd36c1c4075b2fc3f3e (61867) [visibility]> read 1 heads: 5aea03b32778
2025/05/07 23:57:20 bwh @5aea03b3277841617d046dd36c1c4075b2fc3f3e (61867) [visibility]> read 1 heads: 5aea03b32778
2025/05/07 23:57:20 bwh @5aea03b3277841617d046dd36c1c4075b2fc3f3e (61867) [visibility]> removed 1 heads [5aea03b32778]; added 1 heads [eed3cebdfc14]
2025/05/07 23:57:20 bwh @eed3cebdfc1460321437dfa4c5e0f0902f2b91ef (61867) [visibility]> wrote 1 heads: eed3cebdfc14
2025/05/07 23:57:20 bwh @eed3cebdfc1460321437dfa4c5e0f0902f2b91ef (61867) [command_finish]> commit -Am 'Fix directalert export authentication' exited 0 after 0.27 seconds
2025/05/07 23:58:53 bwh @(unknown) (63024) [command]> commit -m 'config to not try to launch google chrome to verify changes'
2025/05/07 23:58:53 bwh @eed3cebdfc1460321437dfa4c5e0f0902f2b91ef (63024) [visibility]> read 1 heads: eed3cebdfc14
2025/05/07 23:58:53 bwh @eed3cebdfc1460321437dfa4c5e0f0902f2b91ef (63024) [visibility]> read 1 heads: eed3cebdfc14
2025/05/07 23:58:53 bwh @eed3cebdfc1460321437dfa4c5e0f0902f2b91ef (63024) [visibility]> removed 1 heads [eed3cebdfc14]; added 1 heads [7fd118c216bc]
2025/05/07 23:58:53 bwh @7fd118c216bcc933f15aaa840e770270586ff193 (63024) [visibility]> wrote 1 heads: 7fd118c216bc
2025/05/07 23:58:53 bwh @7fd118c216bcc933f15aaa840e770270586ff193 (63024) [command_finish]> commit -m 'config to not try to launch google chrome to verify changes' exited 0 after 0.23 seconds
2025/05/08 00:01:29 bwh @(unknown) (63581) [command]> blame /Users/bwh/proj/directalert/routes/api.php -Tjson --change --rev 7fd118c216bcc933f15aaa840e770270586ff193 --noninteractive
2025/05/08 00:01:29 bwh @7fd118c216bcc933f15aaa840e770270586ff193 (63581) [command_finish]> blame /Users/bwh/proj/directalert/routes/api.php -Tjson --change --rev 7fd118c216bcc933f15aaa840e770270586ff193 --noninteractive exited 0 after 0.11 seconds
2025/05/08 00:29:33 bwh @(unknown) (65172) [command]> blame /Users/bwh/proj/directalert/routes/web.php -Tjson --change --rev 7fd118c216bcc933f15aaa840e770270586ff193 --noninteractive
2025/05/08 00:29:33 bwh @7fd118c216bcc933f15aaa840e770270586ff193 (65172) [command_finish]> blame /Users/bwh/proj/directalert/routes/web.php -Tjson --change --rev 7fd118c216bcc933f15aaa840e770270586ff193 --noninteractive exited 0 after 0.15 seconds
2025/05/08 00:29:42 bwh @(unknown) (65210) [command]> blame /Users/bwh/proj/directalert/resources/views/admin/import.blade.php -Tjson --change --rev 7fd118c216bcc933f15aaa840e770270586ff193 --noninteractive
2025/05/08 00:29:42 bwh @7fd118c216bcc933f15aaa840e770270586ff193 (65210) [command_finish]> blame /Users/bwh/proj/directalert/resources/views/admin/import.blade.php -Tjson --change --rev 7fd118c216bcc933f15aaa840e770270586ff193 --noninteractive exited 0 after 0.12 seconds
2025/05/08 00:29:45 bwh @(unknown) (65248) [command]> blame /Users/bwh/proj/directalert/app/Http/Controllers/AdminImportController.php -Tjson --change --rev 7fd118c216bcc933f15aaa840e770270586ff193 --noninteractive
2025/05/08 00:29:45 bwh @7fd118c216bcc933f15aaa840e770270586ff193 (65248) [command_finish]> blame /Users/bwh/proj/directalert/app/Http/Controllers/AdminImportController.php -Tjson --change --rev 7fd118c216bcc933f15aaa840e770270586ff193 --noninteractive exited 0 after 0.11 seconds
2025/05/08 00:31:29 bwh @(unknown) (65338) [command]> blame /Users/bwh/proj/directalert/resources/views/admin/import-results.blade.php -Tjson --change --rev 7fd118c216bcc933f15aaa840e770270586ff193 --noninteractive
2025/05/08 00:31:29 bwh @7fd118c216bcc933f15aaa840e770270586ff193 (65338) [command_finish]> blame /Users/bwh/proj/directalert/resources/views/admin/import-results.blade.php -Tjson --change --rev 7fd118c216bcc933f15aaa840e770270586ff193 --noninteractive exited 0 after 0.11 seconds
2025/05/08 00:33:31 bwh @(unknown) (65804) [command]> blame /Users/bwh/proj/directalert/config/app.php -Tjson --change --rev 7fd118c216bcc933f15aaa840e770270586ff193 --noninteractive
2025/05/08 00:33:31 bwh @7fd118c216bcc933f15aaa840e770270586ff193 (65804) [command_finish]> blame /Users/bwh/proj/directalert/config/app.php -Tjson --change --rev 7fd118c216bcc933f15aaa840e770270586ff193 --noninteractive exited 0 after 0.14 seconds
2025/05/08 00:47:40 bwh @(unknown) (66873) [command]> blame /Users/bwh/proj/directalert/resources/views/layout/master_layout.blade.php -Tjson --change --rev 7fd118c216bcc933f15aaa840e770270586ff193 --noninteractive
2025/05/08 00:47:40 bwh @7fd118c216bcc933f15aaa840e770270586ff193 (66873) [command_finish]> blame /Users/bwh/proj/directalert/resources/views/layout/master_layout.blade.php -Tjson --change --rev 7fd118c216bcc933f15aaa840e770270586ff193 --noninteractive exited 0 after 0.11 seconds
2025/05/08 00:52:06 bwh @(unknown) (67270) [command]> blame /Users/bwh/proj/directalert/database/migrations/2025_05_02_075159_create_direct_alert_table.php -Tjson --change --rev 7fd118c216bcc933f15aaa840e770270586ff193 --noninteractive
2025/05/08 00:52:06 bwh @7fd118c216bcc933f15aaa840e770270586ff193 (67270) [command_finish]> blame /Users/bwh/proj/directalert/database/migrations/2025_05_02_075159_create_direct_alert_table.php -Tjson --change --rev 7fd118c216bcc933f15aaa840e770270586ff193 --noninteractive exited 0 after 0.14 seconds
2025/05/08 00:52:55 bwh @(unknown) (67291) [command]> blame /Users/bwh/proj/directalert/app/Http/Controllers/AdminExportController.php -Tjson --change --rev 7fd118c216bcc933f15aaa840e770270586ff193 --noninteractive
2025/05/08 00:52:55 bwh @7fd118c216bcc933f15aaa840e770270586ff193 (67291) [command_finish]> blame /Users/bwh/proj/directalert/app/Http/Controllers/AdminExportController.php -Tjson --change --rev 7fd118c216bcc933f15aaa840e770270586ff193 --noninteractive exited 0 after 0.14 seconds
2025/05/08 00:52:58 bwh @(unknown) (67297) [command]> blame /Users/bwh/proj/directalert/app/Http/Controllers/DirectAlertDumpController.php -Tjson --change --rev 7fd118c216bcc933f15aaa840e770270586ff193 --noninteractive
2025/05/08 00:52:58 bwh @7fd118c216bcc933f15aaa840e770270586ff193 (67297) [command_finish]> blame /Users/bwh/proj/directalert/app/Http/Controllers/DirectAlertDumpController.php -Tjson --change --rev 7fd118c216bcc933f15aaa840e770270586ff193 --noninteractive exited 0 after 0.13 seconds
2025/05/08 00:58:32 bwh @(unknown) (67651) [command]> commit -Am 'import & export wip'
2025/05/08 00:58:32 bwh @7fd118c216bcc933f15aaa840e770270586ff193 (67651) [visibility]> read 1 heads: 7fd118c216bc
2025/05/08 00:58:33 bwh @7fd118c216bcc933f15aaa840e770270586ff193 (67651) [visibility]> read 1 heads: 7fd118c216bc
2025/05/08 00:58:33 bwh @7fd118c216bcc933f15aaa840e770270586ff193 (67651) [visibility]> removed 1 heads [7fd118c216bc]; added 1 heads [90be5c1c6cbb]
2025/05/08 00:58:33 bwh @90be5c1c6cbb8c5d10262bb80001d20476de3ed2 (67651) [visibility]> wrote 1 heads: 90be5c1c6cbb
2025/05/08 00:58:33 bwh @90be5c1c6cbb8c5d10262bb80001d20476de3ed2 (67651) [command_finish]> commit -Am 'import & export wip' exited 0 after 0.37 seconds
2025/05/08 01:01:30 bwh @(unknown) (68176) [command]> blame /Users/bwh/proj/directalert/app/Http/Controllers/DirectAlertDumpController.php -Tjson --change --rev 90be5c1c6cbb8c5d10262bb80001d20476de3ed2 --noninteractive
2025/05/08 01:01:30 bwh @90be5c1c6cbb8c5d10262bb80001d20476de3ed2 (68176) [command_finish]> blame /Users/bwh/proj/directalert/app/Http/Controllers/DirectAlertDumpController.php -Tjson --change --rev 90be5c1c6cbb8c5d10262bb80001d20476de3ed2 --noninteractive exited 0 after 0.13 seconds
2025/05/08 01:02:10 bwh @(unknown) (68226) [command]> blame /Users/bwh/proj/directalert/.htaccess -Tjson --change --rev 90be5c1c6cbb8c5d10262bb80001d20476de3ed2 --noninteractive
2025/05/08 01:02:10 bwh @90be5c1c6cbb8c5d10262bb80001d20476de3ed2 (68226) [command_finish]> blame /Users/bwh/proj/directalert/.htaccess -Tjson --change --rev 90be5c1c6cbb8c5d10262bb80001d20476de3ed2 --noninteractive exited 0 after 0.18 seconds
2025/05/08 01:04:17 bwh @(unknown) (68260) [command]> debugcommitmessage isl --noninteractive
2025/05/08 01:04:17 bwh @90be5c1c6cbb8c5d10262bb80001d20476de3ed2 (68260) [visibility]> read 1 heads: 90be5c1c6cbb
2025/05/08 01:04:17 bwh @90be5c1c6cbb8c5d10262bb80001d20476de3ed2 (68260) [command_finish]> debugcommitmessage isl --noninteractive exited 0 after 0.22 seconds
2025/05/08 01:04:30 bwh @(unknown) (68417) [command]> diff
2025/05/08 01:04:30 bwh @90be5c1c6cbb8c5d10262bb80001d20476de3ed2 (68417) [command_finish]> diff exited 0 after 0.16 seconds
2025/05/08 01:04:39 bwh @(unknown) (68539) [command]> commit --addremove --message 'Update htaccess


Summary: 

Test Plan: 


' --noninteractive
2025/05/08 01:04:39 bwh @90be5c1c6cbb8c5d10262bb80001d20476de3ed2 (68539) [visibility]> read 1 heads: 90be5c1c6cbb
2025/05/08 01:04:39 bwh @90be5c1c6cbb8c5d10262bb80001d20476de3ed2 (68539) [visibility]> read 1 heads: 90be5c1c6cbb
2025/05/08 01:04:39 bwh @90be5c1c6cbb8c5d10262bb80001d20476de3ed2 (68539) [visibility]> removed 1 heads [90be5c1c6cbb]; added 1 heads [4b5eb3bb4370]
2025/05/08 01:04:39 bwh @4b5eb3bb43709d55c54a8af7f2625db328614909 (68539) [visibility]> wrote 1 heads: 4b5eb3bb4370
2025/05/08 01:04:39 bwh @4b5eb3bb43709d55c54a8af7f2625db328614909 (68539) [command_finish]> commit --addremove --message 'Update htaccess


Summary: 

Test Plan: 


' --noninteractive exited 0 after 0.33 seconds
2025/05/09 01:20:52 bwh @(unknown) (87864) [command]> blame /Users/bwh/proj/directalert/resources/views/layout/master_layout.blade.php -Tjson --change --rev 4b5eb3bb43709d55c54a8af7f2625db328614909 --noninteractive
2025/05/09 01:20:53 bwh @4b5eb3bb43709d55c54a8af7f2625db328614909 (87864) [command_finish]> blame /Users/bwh/proj/directalert/resources/views/layout/master_layout.blade.php -Tjson --change --rev 4b5eb3bb43709d55c54a8af7f2625db328614909 --noninteractive exited 0 after 0.12 seconds
2025/05/15 22:43:25 bwh @(unknown) (21852) [command]> blame /Users/bwh/proj/directalert/package.json -Tjson --change --rev 4b5eb3bb43709d55c54a8af7f2625db328614909 --noninteractive
2025/05/15 22:43:25 bwh @4b5eb3bb43709d55c54a8af7f2625db328614909 (21852) [command_finish]> blame /Users/bwh/proj/directalert/package.json -Tjson --change --rev 4b5eb3bb43709d55c54a8af7f2625db328614909 --noninteractive exited 0 after 0.10 seconds
2025/05/15 23:04:36 bwh @(unknown) (22349) [command]> blame /Users/bwh/proj/directalert/resources/views/layout/master_layout.blade.php -Tjson --change --rev 4b5eb3bb43709d55c54a8af7f2625db328614909 --noninteractive
2025/05/15 23:04:36 bwh @4b5eb3bb43709d55c54a8af7f2625db328614909 (22349) [command_finish]> blame /Users/bwh/proj/directalert/resources/views/layout/master_layout.blade.php -Tjson --change --rev 4b5eb3bb43709d55c54a8af7f2625db328614909 --noninteractive exited 0 after 0.11 seconds
2025/05/15 23:11:37 bwh @(unknown) (22833) [command]> blame /Users/bwh/proj/directalert/.htaccess -Tjson --change --rev 4b5eb3bb43709d55c54a8af7f2625db328614909 --noninteractive
2025/05/15 23:11:37 bwh @4b5eb3bb43709d55c54a8af7f2625db328614909 (22833) [command_finish]> blame /Users/bwh/proj/directalert/.htaccess -Tjson --change --rev 4b5eb3bb43709d55c54a8af7f2625db328614909 --noninteractive exited 0 after 0.10 seconds
2025/05/15 23:11:58 bwh @(unknown) (22851) [command]> blame /Users/bwh/proj/directalert/.env -Tjson --change --rev 4b5eb3bb43709d55c54a8af7f2625db328614909 --noninteractive
2025/05/15 23:11:58 bwh @4b5eb3bb43709d55c54a8af7f2625db328614909 (22851) [command_finish]> blame /Users/bwh/proj/directalert/.env -Tjson --change --rev 4b5eb3bb43709d55c54a8af7f2625db328614909 --noninteractive exited 0 after 0.10 seconds
2025/05/15 23:12:16 bwh @(unknown) (22954) [command]> blame /Users/bwh/proj/directalert/resources/views/admin/import-results.blade.php -Tjson --change --rev 4b5eb3bb43709d55c54a8af7f2625db328614909 --noninteractive
2025/05/15 23:12:16 bwh @4b5eb3bb43709d55c54a8af7f2625db328614909 (22954) [command_finish]> blame /Users/bwh/proj/directalert/resources/views/admin/import-results.blade.php -Tjson --change --rev 4b5eb3bb43709d55c54a8af7f2625db328614909 --noninteractive exited 0 after 0.10 seconds
2025/05/15 23:12:18 bwh @(unknown) (22989) [command]> blame /Users/bwh/proj/directalert/resources/views/admin/import.blade.php -Tjson --change --rev 4b5eb3bb43709d55c54a8af7f2625db328614909 --noninteractive
2025/05/15 23:12:18 bwh @4b5eb3bb43709d55c54a8af7f2625db328614909 (22989) [command_finish]> blame /Users/bwh/proj/directalert/resources/views/admin/import.blade.php -Tjson --change --rev 4b5eb3bb43709d55c54a8af7f2625db328614909 --noninteractive exited 0 after 0.10 seconds
2025/05/15 23:18:22 bwh @(unknown) (23618) [command]> commit -Am 'Hide login/register from header, htaccess for multiphp config'
2025/05/15 23:18:22 bwh @4b5eb3bb43709d55c54a8af7f2625db328614909 (23618) [visibility]> read 1 heads: 4b5eb3bb4370
2025/05/15 23:18:22 bwh @4b5eb3bb43709d55c54a8af7f2625db328614909 (23618) [visibility]> read 1 heads: 4b5eb3bb4370
2025/05/15 23:18:22 bwh @4b5eb3bb43709d55c54a8af7f2625db328614909 (23618) [visibility]> removed 1 heads [4b5eb3bb4370]; added 1 heads [8b93d911e59b]
2025/05/15 23:18:22 bwh @8b93d911e59bca1cf9521a63311c145c9232d6c0 (23618) [visibility]> wrote 1 heads: 8b93d911e59b
2025/05/15 23:18:22 bwh @8b93d911e59bca1cf9521a63311c145c9232d6c0 (23618) [command_finish]> commit -Am 'Hide login/register from header, htaccess for multiphp config' exited 0 after 0.28 seconds
2025/05/15 23:23:00 bwh @(unknown) (23836) [command]> blame /Users/bwh/proj/directalert/resources/views/admin/import.blade.php -Tjson --change --rev 8b93d911e59bca1cf9521a63311c145c9232d6c0 --noninteractive
2025/05/15 23:23:00 bwh @8b93d911e59bca1cf9521a63311c145c9232d6c0 (23836) [command_finish]> blame /Users/bwh/proj/directalert/resources/views/admin/import.blade.php -Tjson --change --rev 8b93d911e59bca1cf9521a63311c145c9232d6c0 --noninteractive exited 0 after 0.12 seconds
2025/05/29 23:38:54 bwh @(unknown) (5982) [command]> blame /Users/bwh/proj/directalert/app/Http/Controllers/VerificationController.php -Tjson --change --rev 8b93d911e59bca1cf9521a63311c145c9232d6c0 --noninteractive
2025/05/29 23:38:54 bwh @8b93d911e59bca1cf9521a63311c145c9232d6c0 (5982) [command_finish]> blame /Users/bwh/proj/directalert/app/Http/Controllers/VerificationController.php -Tjson --change --rev 8b93d911e59bca1cf9521a63311c145c9232d6c0 --noninteractive exited 0 after 0.16 seconds
2025/10/03 21:56:44 bwh @(unknown) (34904) [command]> blame /Users/bwh/proj/directalert/app/Http/Controllers/AdminExportController.php -Tjson --change --rev 8b93d911e59bca1cf9521a63311c145c9232d6c0 --noninteractive
2025/10/03 21:56:44 bwh @8b93d911e59bca1cf9521a63311c145c9232d6c0 (34904) [command_finish]> blame /Users/bwh/proj/directalert/app/Http/Controllers/AdminExportController.php -Tjson --change --rev 8b93d911e59bca1cf9521a63311c145c9232d6c0 --noninteractive exited 0 after 0.14 seconds
2025/10/03 21:56:49 bwh @(unknown) (34986) [command]> blame /Users/bwh/proj/directalert/app/Http/Controllers/DirectAlertDumpController.php -Tjson --change --rev 8b93d911e59bca1cf9521a63311c145c9232d6c0 --noninteractive
2025/10/03 21:56:49 bwh @8b93d911e59bca1cf9521a63311c145c9232d6c0 (34986) [command_finish]> blame /Users/bwh/proj/directalert/app/Http/Controllers/DirectAlertDumpController.php -Tjson --change --rev 8b93d911e59bca1cf9521a63311c145c9232d6c0 --noninteractive exited 0 after 0.14 seconds
2025/10/03 21:57:00 bwh @(unknown) (35034) [command]> blame /Users/bwh/proj/directalert/resources/views/admin/export.blade.php -Tjson --change --rev 8b93d911e59bca1cf9521a63311c145c9232d6c0 --noninteractive
2025/10/03 21:57:00 bwh @8b93d911e59bca1cf9521a63311c145c9232d6c0 (35034) [command_finish]> blame /Users/bwh/proj/directalert/resources/views/admin/export.blade.php -Tjson --change --rev 8b93d911e59bca1cf9521a63311c145c9232d6c0 --noninteractive exited 0 after 0.15 seconds
2025/10/03 21:59:12 bwh @(unknown) (35179) [command]> debugcommitmessage isl --noninteractive
2025/10/03 21:59:12 bwh @8b93d911e59bca1cf9521a63311c145c9232d6c0 (35179) [visibility]> read 1 heads: 8b93d911e59b
2025/10/03 21:59:12 bwh @8b93d911e59bca1cf9521a63311c145c9232d6c0 (35179) [command_finish]> debugcommitmessage isl --noninteractive exited 0 after 0.17 seconds
2025/10/03 22:00:22 bwh @(unknown) (35470) [command]> commit --addremove --message 'Update directalert dump to include multiple date formats, allow exact match on name when it'\''s not in last, first format


Summary: 

Test Plan: 


' --noninteractive
2025/10/03 22:00:22 bwh @8b93d911e59bca1cf9521a63311c145c9232d6c0 (35470) [visibility]> read 1 heads: 8b93d911e59b
2025/10/03 22:00:22 bwh @8b93d911e59bca1cf9521a63311c145c9232d6c0 (35470) [visibility]> read 1 heads: 8b93d911e59b
2025/10/03 22:00:22 bwh @8b93d911e59bca1cf9521a63311c145c9232d6c0 (35470) [visibility]> removed 1 heads [8b93d911e59b]; added 1 heads [835ffe1101cf]
2025/10/03 22:00:22 bwh @835ffe1101cf9732095b003f12910727c137b551 (35470) [visibility]> wrote 1 heads: 835ffe1101cf
2025/10/03 22:00:22 bwh @835ffe1101cf9732095b003f12910727c137b551 (35470) [command_finish]> commit --addremove --message 'Update directalert dump to include multiple date formats, allow exact match on name when it'\''s not in last, first format


Summary: 

Test Plan: 


' --noninteractive exited 0 after 0.32 seconds
2025/10/03 22:00:31 bwh @(unknown) (35642) [command]> blame /Users/bwh/proj/directalert/package.json -Tjson --change --rev 835ffe1101cf9732095b003f12910727c137b551 --noninteractive
2025/10/03 22:00:31 bwh @835ffe1101cf9732095b003f12910727c137b551 (35642) [command_finish]> blame /Users/bwh/proj/directalert/package.json -Tjson --change --rev 835ffe1101cf9732095b003f12910727c137b551 --noninteractive exited 0 after 0.12 seconds
2025/10/03 22:05:46 bwh @(unknown) (36160) [command]> blame /Users/bwh/proj/directalert/app/Http/Controllers/VerificationController.php -Tjson --change --rev 835ffe1101cf9732095b003f12910727c137b551 --noninteractive
2025/10/03 22:05:46 bwh @835ffe1101cf9732095b003f12910727c137b551 (36160) [command_finish]> blame /Users/bwh/proj/directalert/app/Http/Controllers/VerificationController.php -Tjson --change --rev 835ffe1101cf9732095b003f12910727c137b551 --noninteractive exited 0 after 0.24 seconds
2025/10/03 22:07:51 bwh @(unknown) (36414) [command]> purge --files 'listfile0:-' --noninteractive
2025/10/03 22:07:51 bwh @835ffe1101cf9732095b003f12910727c137b551 (36414) [command_finish]> purge --files 'listfile0:-' --noninteractive exited 0 after 0.13 seconds
2025/10/03 22:07:52 bwh @(unknown) (36489) [command]> --config 'amend.autorestack=always' amend --addremove app/Http/Controllers/VerificationController.php --noninteractive
2025/10/03 22:07:52 bwh @835ffe1101cf9732095b003f12910727c137b551 (36489) [visibility]> read 1 heads: 835ffe1101cf
2025/10/03 22:07:52 bwh @835ffe1101cf9732095b003f12910727c137b551 (36489) [visibility]> read 1 heads: 835ffe1101cf
2025/10/03 22:07:52 bwh @835ffe1101cf9732095b003f12910727c137b551 (36489) [visibility]> removed 0 heads []; added 1 heads [1a7fa1cb8b9f]
2025/10/03 22:07:52 bwh @1a7fa1cb8b9faa248c61dd742f53410019983d23 (36489) [visibility]> removed 1 heads [835ffe1101cf]; added 0 heads []
2025/10/03 22:07:52 bwh @1a7fa1cb8b9faa248c61dd742f53410019983d23 (36489) [visibility]> wrote 1 heads: 1a7fa1cb8b9f
2025/10/03 22:07:52 bwh @1a7fa1cb8b9faa248c61dd742f53410019983d23 (36489) [command_finish]> --config 'amend.autorestack=always' amend --addremove app/Http/Controllers/VerificationController.php --noninteractive exited 0 after 0.32 seconds
